<?xml version="1.0" encoding="UTF-8"?>
<!-- Generated by org.testng.reporters.JUnitReportReporter -->
<testsuite skipped="0" hostname="A2ML13099" name="com.edureka.project.BookTicket.BookReturnFlightTicketTest" tests="1" failures="0" timestamp="30 Mar 2020 16:14:44 GMT" time="9.045" errors="0">
  <testcase name="BookReturnTicketTest" time="9.045" classname="com.edureka.project.BookTicket.BookReturnFlightTicketTest"/>
</testsuite> <!-- com.edureka.project.BookTicket.BookReturnFlightTicketTest -->
