<?xml version="1.0" encoding="UTF-8"?>
<!-- Generated by org.testng.reporters.JUnitReportReporter -->
<testsuite skipped="0" hostname="INBLRWIT238540" name="com.edureeka.project.Credentials.ValidateCredentialsTest" tests="1" failures="0" timestamp="06 Nov 2019 08:09:03 GMT" time="18.250" errors="0">
  <testcase name="validcredentialTest" time="18.250" classname="com.edureeka.project.Credentials.ValidateCredentialsTest"/>
</testsuite> <!-- com.edureeka.project.Credentials.ValidateCredentialsTest -->
