<?xml version="1.0" encoding="UTF-8"?>
<!-- Generated by org.testng.reporters.JUnitReportReporter -->
<testsuite skipped="0" hostname="A2ML13099" name="com.edureka.project.BookTicket.BookReturnCruiseTicket" tests="1" failures="0" timestamp="30 Mar 2020 16:53:48 GMT" time="10.872" errors="0">
  <testcase name="BookReturnTicketTest" time="10.872" classname="com.edureka.project.BookTicket.BookReturnCruiseTicket"/>
</testsuite> <!-- com.edureka.project.BookTicket.BookReturnCruiseTicket -->
