<?xml version="1.0" encoding="UTF-8"?>
<!-- Generated by org.testng.reporters.JUnitReportReporter -->
<testsuite skipped="0" hostname="INBLRWIT238540" name="com.edureka.project.BookTicket.BookReturnFlightTicketTest" tests="1" failures="0" timestamp="06 Nov 2019 08:09:03 GMT" time="16.221" errors="0">
  <testcase name="BookReturnTicketTest" time="16.221" classname="com.edureka.project.BookTicket.BookReturnFlightTicketTest"/>
</testsuite> <!-- com.edureka.project.BookTicket.BookReturnFlightTicketTest -->
