<?xml version="1.0" encoding="UTF-8"?>
<!-- Generated by org.testng.reporters.JUnitReportReporter -->
<testsuite skipped="0" hostname="A2ML13099" name="com.edureeka.project.Credentials.RegisterCredentials" tests="1" failures="0" timestamp="30 Mar 2020 16:17:03 GMT" time="9.830" errors="0">
  <testcase name="registerUser" time="9.830" classname="com.edureeka.project.Credentials.RegisterCredentials"/>
</testsuite> <!-- com.edureeka.project.Credentials.RegisterCredentials -->
