<?xml version="1.0" encoding="UTF-8"?>
<!-- Generated by org.testng.reporters.JUnitReportReporter -->
<testsuite skipped="0" hostname="INBLRWIT238540" name="com.edureka.project.BookTicket.BookReturnCruiseTicket" tests="1" failures="0" timestamp="06 Nov 2019 08:09:03 GMT" time="46.373" errors="0">
  <testcase name="BookReturnTicketTest" time="46.373" classname="com.edureka.project.BookTicket.BookReturnCruiseTicket"/>
</testsuite> <!-- com.edureka.project.BookTicket.BookReturnCruiseTicket -->
